<?xml version="1.0" encoding="UTF-8"?><testsuite errors="0" failures="1" name="com.herokuapp.restful_booker.bookinginfo.AuthCURDTest" skipped="0" tests="1" time="4.94" timestamp="2022-06-04T22:57:48.423+01:00[Europe/London]"><testcase classname="com.herokuapp.restful_booker.bookinginfo.AuthCURDTest" name="This will create a new token"><failure message="1 expectation failed.&#10;Expected status code &lt;200&gt; but was &lt;405&gt;.&#10;" type="java.lang.AssertionError">1 expectation failed.
Expected status code &lt;200&gt; but was &lt;405&gt;.
</failure><system-err>1 expectation failed.
Expected status code &lt;200&gt; but was &lt;405&gt;.
&#13;
io.restassured.internal.ResponseSpecificationImpl.validateResponseIfRequired(ResponseSpecificationImpl.groovy:636)&#13;
io.restassured.internal.ResponseSpecificationImpl.statusCode(ResponseSpecificationImpl.groovy:122)&#13;
io.restassured.internal.ResponseSpecificationImpl.statusCode(ResponseSpecificationImpl.groovy:130)&#13;
io.restassured.internal.ValidatableResponseOptionsImpl.statusCode(ValidatableResponseOptionsImpl.java:117)&#13;
com.herokuapp.restful_booker.bookinginfo.AuthCURDTest.test001(AuthCURDTest.java:23)&#13;
</system-err></testcase></testsuite>